2024-12-10 10:21:51,523 - INFO - test_verify_CredKart_Url_001 - 40 - Testcase test_verify_CredKart_Url_001 is started
2024-12-10 10:21:52,085 - INFO - test_CredKart_User_Login_002 - 66 - Testcase test_CredKart_User_Login_002 is started
2024-12-10 10:21:52,086 - INFO - test_CredKart_User_Login_002 - 67 - Opening Browser
2024-12-10 10:21:53,298 - INFO - test_CredKart_User_Registration_003 - 105 - Testcase test_CredKart_User_Login_003 is started
2024-12-10 10:21:53,299 - INFO - test_CredKart_User_Registration_003 - 106 - Opening Browser
2024-12-10 10:21:53,917 - INFO - test_CredKart_User_Login_002 - 71 - Going to CredKart URL-->https://automation.credence.in/login
2024-12-10 10:21:53,917 - INFO - test_CredKart_User_Login_002 - 72 - Entering email-->Credencetest@test.com
2024-12-10 10:21:53,985 - INFO - test_verify_CredKart_Url_001 - 42 - Opening Browser
2024-12-10 10:21:53,986 - INFO - test_verify_CredKart_Url_001 - 43 - Going to CredKart URL--> https://automation.credence.in
2024-12-10 10:21:53,986 - INFO - test_verify_CredKart_Url_001 - 44 - Checking the page title
2024-12-10 10:21:53,993 - INFO - test_verify_CredKart_Url_001 - 46 - Page Title:CredKart is match with expected title
2024-12-10 10:21:53,993 - INFO - test_verify_CredKart_Url_001 - 47 - Taking Screenshot
2024-12-10 10:21:54,102 - INFO - test_CredKart_User_Login_002 - 74 - Entering password-->Credence@123
2024-12-10 10:21:54,143 - INFO - test_CredKart_User_Login_002 - 76 - Clicking on login button
2024-12-10 10:21:54,302 - INFO - test_verify_CredKart_Url_001 - 49 - TestCase test_verify_CredKart_Url_001 is passed
2024-12-10 10:21:54,302 - INFO - test_verify_CredKart_Url_001 - 50 - Testcase test_verify_CredKart_Url_001 is completed

2024-12-10 10:21:54,807 - INFO - test_CredKart_User_Registration_003 - 110 - Going to CredKart URL-->https://automation.credence.in/register
2024-12-10 10:21:54,808 - INFO - test_CredKart_User_Registration_003 - 115 - Entering name:Jenna Brown
2024-12-10 10:21:54,897 - INFO - test_CredKart_User_Registration_003 - 117 - Entering email--lauren08@example.org
2024-12-10 10:21:54,924 - INFO - test_CredKart_User_Registration_003 - 119 - Entering password--Wc6lHNn4Q&
2024-12-10 10:21:54,942 - INFO - test_CredKart_User_Registration_003 - 121 - Entering confirm password--Wc6lHNn4Q&
2024-12-10 10:21:54,956 - INFO - test_CredKart_User_Registration_003 - 123 - Clicking on register button
2024-12-10 10:21:55,189 - INFO - test_CredKart_User_Registration_003 - 125 - Verify user register or not
2024-12-10 10:21:56,403 - INFO - test_CredKart_User_Login_002 - 78 - Verify user login or not
2024-12-10 10:21:57,888 - INFO - test_CredKart_User_Login_002 - 82 - Taking Screenshot for Pass
2024-12-10 10:21:57,997 - INFO - test_CredKart_User_Login_002 - 84 - Testcase test_CredKart_User_Login_002 is Pass
2024-12-10 10:21:57,997 - INFO - test_CredKart_User_Login_002 - 85 - Testcase test_CredKart_User_Login_002 is Completed

2024-12-10 10:22:02,385 - WARNING - urlopen - 870 - Retrying (Retry(total=2, connect=None, read=None, redirect=None, status=None)) after connection broken by 'NewConnectionError('<urllib3.connection.HTTPConnection object at 0x000001A23540AD50>: Failed to establish a new connection: [WinError 10061] No connection could be made because the target machine actively refused it')': /session/50c7e457-2fd6-4c7a-869f-2db237171742
2024-12-10 10:22:06,450 - WARNING - urlopen - 870 - Retrying (Retry(total=1, connect=None, read=None, redirect=None, status=None)) after connection broken by 'NewConnectionError('<urllib3.connection.HTTPConnection object at 0x000001A23540AFD0>: Failed to establish a new connection: [WinError 10061] No connection could be made because the target machine actively refused it')': /session/50c7e457-2fd6-4c7a-869f-2db237171742
2024-12-10 10:22:10,504 - WARNING - urlopen - 870 - Retrying (Retry(total=0, connect=None, read=None, redirect=None, status=None)) after connection broken by 'NewConnectionError('<urllib3.connection.HTTPConnection object at 0x000001A235380C30>: Failed to establish a new connection: [WinError 10061] No connection could be made because the target machine actively refused it')': /session/50c7e457-2fd6-4c7a-869f-2db237171742
